0 info it worked if it ends with ok
1 verbose cli [ '/usr/bin/node', '/usr/bin/npm', 'install' ]
2 info using npm@1.4.28
3 info using node@v0.10.36
4 verbose node symlink /usr/bin/node
5 warn package.json edudash@0.0.0 No description
6 warn package.json edudash@0.0.0 No repository field.
7 warn package.json edudash@0.0.0 No README data
8 verbose readDependencies using package.json deps
9 verbose install where, deps [ '/media/emilli/kiuran/.repo/edudash',
9 verbose install   [ 'coffee-script',
9 verbose install     'grunt',
9 verbose install     'grunt-autoprefixer',
9 verbose install     'grunt-concurrent',
9 verbose install     'grunt-contrib-clean',
9 verbose install     'grunt-contrib-coffee',
9 verbose install     'grunt-contrib-concat',
9 verbose install     'grunt-contrib-connect',
9 verbose install     'grunt-contrib-copy',
9 verbose install     'grunt-contrib-cssmin',
9 verbose install     'grunt-contrib-htmlmin',
9 verbose install     'grunt-contrib-imagemin',
9 verbose install     'grunt-contrib-jshint',
9 verbose install     'grunt-contrib-uglify',
9 verbose install     'grunt-contrib-watch',
9 verbose install     'grunt-filerev',
9 verbose install     'grunt-google-cdn',
9 verbose install     'grunt-karma',
9 verbose install     'grunt-newer',
9 verbose install     'grunt-ng-annotate',
9 verbose install     'grunt-svgmin',
9 verbose install     'grunt-usemin',
9 verbose install     'grunt-wiredep',
9 verbose install     'jasmine-core',
9 verbose install     'jshint-stylish',
9 verbose install     'karma',
9 verbose install     'karma-coffee-preprocessor',
9 verbose install     'karma-jasmine',
9 verbose install     'karma-phantomjs-launcher',
9 verbose install     'load-grunt-tasks',
9 verbose install     'time-grunt',
9 verbose install     'ngScrollTo' ] ]
10 info preinstall edudash@0.0.0
11 verbose readDependencies using package.json deps
12 verbose already installed skipping grunt-autoprefixer@^0.7.3 /media/emilli/kiuran/.repo/edudash
13 verbose already installed skipping grunt-concurrent@^0.5.0 /media/emilli/kiuran/.repo/edudash
14 verbose already installed skipping grunt-contrib-clean@^0.5.0 /media/emilli/kiuran/.repo/edudash
15 verbose already installed skipping grunt-contrib-coffee@^0.10.1 /media/emilli/kiuran/.repo/edudash
16 verbose already installed skipping grunt-contrib-concat@^0.4.0 /media/emilli/kiuran/.repo/edudash
17 verbose already installed skipping grunt-contrib-connect@^0.7.1 /media/emilli/kiuran/.repo/edudash
18 verbose already installed skipping grunt-contrib-copy@^0.5.0 /media/emilli/kiuran/.repo/edudash
19 verbose already installed skipping grunt-contrib-cssmin@^0.9.0 /media/emilli/kiuran/.repo/edudash
20 verbose already installed skipping grunt-contrib-htmlmin@^0.3.0 /media/emilli/kiuran/.repo/edudash
21 verbose already installed skipping grunt-contrib-imagemin@^0.8.1 /media/emilli/kiuran/.repo/edudash
22 verbose already installed skipping grunt-contrib-jshint@^0.10.0 /media/emilli/kiuran/.repo/edudash
23 verbose already installed skipping grunt-contrib-uglify@^0.4.0 /media/emilli/kiuran/.repo/edudash
24 verbose already installed skipping grunt-contrib-watch@^0.6.1 /media/emilli/kiuran/.repo/edudash
25 verbose already installed skipping grunt-filerev@^0.2.1 /media/emilli/kiuran/.repo/edudash
26 verbose already installed skipping grunt-google-cdn@^0.4.0 /media/emilli/kiuran/.repo/edudash
27 verbose already installed skipping grunt-karma@^0.10.1 /media/emilli/kiuran/.repo/edudash
28 verbose already installed skipping grunt-newer@^0.7.0 /media/emilli/kiuran/.repo/edudash
29 verbose already installed skipping grunt-ng-annotate@^0.4.0 /media/emilli/kiuran/.repo/edudash
30 verbose already installed skipping grunt-svgmin@^0.4.0 /media/emilli/kiuran/.repo/edudash
31 verbose already installed skipping grunt-usemin@^2.1.1 /media/emilli/kiuran/.repo/edudash
32 verbose already installed skipping grunt-wiredep@^1.7.0 /media/emilli/kiuran/.repo/edudash
33 verbose already installed skipping jasmine-core@^2.2.0 /media/emilli/kiuran/.repo/edudash
34 verbose already installed skipping jshint-stylish@^0.2.0 /media/emilli/kiuran/.repo/edudash
35 verbose already installed skipping karma@^0.12.31 /media/emilli/kiuran/.repo/edudash
36 verbose already installed skipping karma-coffee-preprocessor@^0.2.1 /media/emilli/kiuran/.repo/edudash
37 verbose already installed skipping karma-jasmine@^0.3.5 /media/emilli/kiuran/.repo/edudash
38 verbose already installed skipping karma-phantomjs-launcher@^0.1.4 /media/emilli/kiuran/.repo/edudash
39 verbose already installed skipping load-grunt-tasks@^0.4.0 /media/emilli/kiuran/.repo/edudash
40 verbose already installed skipping time-grunt@^0.3.1 /media/emilli/kiuran/.repo/edudash
41 verbose cache add [ 'ngScrollTo@^0.0.5', null ]
42 verbose cache add name=undefined spec="ngScrollTo@^0.0.5" args=["ngScrollTo@^0.0.5",null]
43 verbose parsed url { protocol: null,
43 verbose parsed url   slashes: null,
43 verbose parsed url   auth: null,
43 verbose parsed url   host: null,
43 verbose parsed url   port: null,
43 verbose parsed url   hostname: null,
43 verbose parsed url   hash: null,
43 verbose parsed url   search: null,
43 verbose parsed url   query: null,
43 verbose parsed url   pathname: 'ngScrollTo@^0.0.5',
43 verbose parsed url   path: 'ngScrollTo@^0.0.5',
43 verbose parsed url   href: 'ngScrollTo@^0.0.5' }
44 verbose already installed skipping coffee-script@^1.9.1 /media/emilli/kiuran/.repo/edudash
45 verbose already installed skipping grunt@^0.4.1 /media/emilli/kiuran/.repo/edudash
46 verbose cache add name="ngScrollTo" spec="^0.0.5" args=["ngScrollTo","^0.0.5"]
47 verbose parsed url { protocol: null,
47 verbose parsed url   slashes: null,
47 verbose parsed url   auth: null,
47 verbose parsed url   host: null,
47 verbose parsed url   port: null,
47 verbose parsed url   hostname: null,
47 verbose parsed url   hash: null,
47 verbose parsed url   search: null,
47 verbose parsed url   query: null,
47 verbose parsed url   pathname: '^0.0.5',
47 verbose parsed url   path: '^0.0.5',
47 verbose parsed url   href: '^0.0.5' }
48 verbose addNamed [ 'ngScrollTo', '^0.0.5' ]
49 verbose addNamed [ null, '=0.0.5' ]
50 silly lockFile beaf1218-ngScrollTo-0-0-5 ngScrollTo@^0.0.5
51 verbose lock ngScrollTo@^0.0.5 /home/emilli/.npm/beaf1218-ngScrollTo-0-0-5.lock
52 silly addNameRange { name: 'ngScrollTo', range: '=0.0.5', hasData: false }
53 verbose request where is /ngScrollTo
54 verbose request registry https://registry.npmjs.org/
55 verbose request id 42b390ac6ffaf526
56 verbose url raw /ngScrollTo
57 verbose url resolving [ 'https://registry.npmjs.org/', './ngScrollTo' ]
58 verbose url resolved https://registry.npmjs.org/ngScrollTo
59 verbose request where is https://registry.npmjs.org/ngScrollTo
60 info trying registry request attempt 1 at 15:37:46
61 http GET https://registry.npmjs.org/ngScrollTo
62 http 404 https://registry.npmjs.org/ngScrollTo
63 verbose headers { date: 'Sat, 07 Mar 2015 12:37:51 GMT',
63 verbose headers   server: 'CouchDB/1.5.0 (Erlang OTP/R16B03)',
63 verbose headers   'content-type': 'application/json',
63 verbose headers   'cache-control': 'max-age=0',
63 verbose headers   'content-length': '52',
63 verbose headers   'accept-ranges': 'bytes',
63 verbose headers   via: '1.1 varnish',
63 verbose headers   age: '0',
63 verbose headers   'x-served-by': 'cache-ams4122-AMS',
63 verbose headers   'x-cache': 'MISS',
63 verbose headers   'x-cache-hits': '0',
63 verbose headers   'x-timer': 'S1425731870.423677,VS0,VE606',
63 verbose headers   'keep-alive': 'timeout=10, max=50',
63 verbose headers   connection: 'Keep-Alive' }
64 silly registry.get cb [ 404,
64 silly registry.get   { date: 'Sat, 07 Mar 2015 12:37:51 GMT',
64 silly registry.get     server: 'CouchDB/1.5.0 (Erlang OTP/R16B03)',
64 silly registry.get     'content-type': 'application/json',
64 silly registry.get     'cache-control': 'max-age=0',
64 silly registry.get     'content-length': '52',
64 silly registry.get     'accept-ranges': 'bytes',
64 silly registry.get     via: '1.1 varnish',
64 silly registry.get     age: '0',
64 silly registry.get     'x-served-by': 'cache-ams4122-AMS',
64 silly registry.get     'x-cache': 'MISS',
64 silly registry.get     'x-cache-hits': '0',
64 silly registry.get     'x-timer': 'S1425731870.423677,VS0,VE606',
64 silly registry.get     'keep-alive': 'timeout=10, max=50',
64 silly registry.get     connection: 'Keep-Alive' } ]
65 silly lockFile beaf1218-ngScrollTo-0-0-5 ngScrollTo@^0.0.5
66 silly lockFile beaf1218-ngScrollTo-0-0-5 ngScrollTo@^0.0.5
67 error 404 404 Not Found: ngScrollTo
67 error 404
67 error 404 'ngScrollTo' is not in the npm registry.
67 error 404 You should bug the author to publish it
67 error 404 It was specified as a dependency of 'edudash'
67 error 404
67 error 404 Note that you can also install from a
67 error 404 tarball, folder, or http url, or git url.
68 error System Linux 3.13.0-24-generic
69 error command "/usr/bin/node" "/usr/bin/npm" "install"
70 error cwd /media/emilli/kiuran/.repo/edudash
71 error node -v v0.10.36
72 error npm -v 1.4.28
73 error code E404
74 verbose exit [ 1, true ]
